<?xml version="1.0" encoding="utf-8"?><testsuites name="pytest tests"><testsuite name="pytest" errors="0" failures="0" skipped="0" tests="17" time="6.047" timestamp="2026-07-23T13:13:58.856929+00:00" hostname="agent-env-8925231b-71c3-4115-8a53-242df45de65c"><testcase classname="tests.test_health_and_login_resilience.TestHealthEndpoint" name="test_health_returns_200" time="0.181" /><testcase classname="tests.test_health_and_login_resilience.TestHealthEndpoint" name="test_health_shape" time="0.045" /><testcase classname="tests.test_health_and_login_resilience.TestHealthEndpoint" name="test_health_env_all_true_locally" time="0.056" /><testcase classname="tests.test_health_and_login_resilience.TestHealthEndpoint" name="test_health_mongo_ok_and_admin_seeded" time="0.070" /><testcase classname="tests.test_health_and_login_resilience.TestHealthEndpoint" name="test_health_no_auth_required" time="0.097" /><testcase classname="tests.test_health_and_login_resilience.TestHealthEndpoint" name="test_health_stable_under_burst" time="0.178" /><testcase classname="tests.test_health_and_login_resilience.TestLoginRegression" name="test_login_success" time="0.505" /><testcase classname="tests.test_health_and_login_resilience.TestLoginRegression" name="test_login_wrong_password_401" time="0.489" /><testcase classname="tests.test_health_and_login_resilience.TestLoginResilience" name="test_garbage_hash_login_returns_200" time="1.017" /><testcase classname="tests.test_health_and_login_resilience.TestLoginResilience" name="test_garbage_hash_then_wrong_pw_returns_401_not_500" time="0.872" /><testcase classname="tests.test_health_and_login_resilience.TestLoginResilience" name="test_empty_hash_no_500" time="0.854" /><testcase classname="tests.test_health_and_login_resilience.TestLoginResilience" name="test_admin_row_healed_after_resilience_tests" time="0.492" /><testcase classname="tests.test_health_and_login_resilience.TestAuthenticatedRegression" name="test_wallet_balance" time="0.621" /><testcase classname="tests.test_health_and_login_resilience.TestAuthenticatedRegression" name="test_operators" time="0.044" /><testcase classname="tests.test_health_and_login_resilience.TestAuthenticatedRegression" name="test_transactions" time="0.047" /><testcase classname="tests.test_health_and_login_resilience.TestAuthenticatedRegression" name="test_auth_me" time="0.048" /><testcase classname="tests.test_health_and_login_resilience" name="test_zzz_final_admin_state" time="0.355" /></testsuite></testsuites>