<?xml version="1.0" encoding="utf-8"?><testsuites name="pytest tests"><testsuite name="pytest" errors="0" failures="0" skipped="0" tests="10" time="4.044" timestamp="2026-07-23T08:04:07.382213+00:00" hostname="agent-env-8925231b-71c3-4115-8a53-242df45de65c"><testcase classname="tests.test_slabs_and_reports.TestCommissionSlabs" name="test_create_three_slab_rules_for_retailer" time="1.122" /><testcase classname="tests.test_slabs_and_reports.TestReportsSummary" name="test_admin_reports_full_shape" time="0.756" /><testcase classname="tests.test_slabs_and_reports.TestReportsSummary" name="test_reports_with_date_range" time="0.049" /><testcase classname="tests.test_slabs_and_reports.TestReportsSummary" name="test_distributor_reports_scope_downline_only" time="1.683" /><testcase classname="tests.test_slabs_and_reports.TestCommissionSlabs" name="test_reject_max_less_than_min" time="0.229" /><testcase classname="tests.test_slabs_and_reports.TestCommissionSlabs" name="test_slab_applied_on_recharge_50_200_800" time="1.057" /><testcase classname="tests.test_slabs_and_reports.TestCommissionSlabs" name="test_cleanup_slab_rules" time="0.349" /><testcase classname="tests.test_slabs_and_reports.TestReportsSummary" name="test_retailer_reports_only_self" time="0.640" /><testcase classname="tests.test_slabs_and_reports.TestReportsAccess" name="test_retailer_can_call_reports" time="0.356" /><testcase classname="tests.test_slabs_and_reports.TestDefaultCommission" name="test_default_2pct_when_no_rule_matches" time="0.460" /></testsuite></testsuites>