<?xml version="1.0" encoding="utf-8"?><testsuites name="pytest tests"><testsuite name="pytest" errors="0" failures="0" skipped="0" tests="23" time="5.118" timestamp="2026-07-23T13:38:44.894306+00:00" hostname="agent-env-8925231b-71c3-4115-8a53-242df45de65c"><testcase classname="tests.test_atlas_and_health_host.TestHealthHostField" name="test_health_200" time="0.251" /><testcase classname="tests.test_atlas_and_health_host.TestHealthHostField" name="test_mongo_host_present_and_atlas" time="0.148" /><testcase classname="tests.test_atlas_and_health_host.TestHealthHostField" name="test_mongo_host_matches_expected_atlas_cluster" time="0.142" /><testcase classname="tests.test_atlas_and_health_host.TestHealthHostField" name="test_env_MONGO_URL_set_true" time="0.137" /><testcase classname="tests.test_atlas_and_health_host.TestHealthHostField" name="test_mongo_ok_and_admin_seeded_on_atlas" time="0.137" /><testcase classname="tests.test_atlas_and_health_host.TestAdminLoginOnAtlas" name="test_admin_login_success" time="0.562" /><testcase classname="tests.test_atlas_and_health_host.TestAdminLoginOnAtlas" name="test_admin_login_wrong_password_401" time="0.566" /><testcase classname="tests.test_atlas_and_health_host.TestFullAtlasFlow" name="test_1_retailer_visible_in_list" time="1.036" /><testcase classname="tests.test_atlas_and_health_host.TestFullAtlasFlow" name="test_2_credit_retailer_wallet" time="0.186" /><testcase classname="tests.test_atlas_and_health_host.TestFullAtlasFlow" name="test_3_retailer_login" time="0.302" /><testcase classname="tests.test_atlas_and_health_host.TestFullAtlasFlow" name="test_4_retailer_wallet_balance_500" time="0.126" /><testcase classname="tests.test_atlas_and_health_host.TestFullAtlasFlow" name="test_5_recharge_airtel_100" time="0.544" /><testcase classname="tests.test_atlas_and_health_host.TestFullAtlasFlow" name="test_6_transaction_persisted" time="0.115" /><testcase classname="tests.test_atlas_and_health_host.TestFullAtlasFlow" name="test_7_retailer_ledger_has_recharge_and_commission" time="0.109" /><testcase classname="tests.test_atlas_and_health_host.TestAdminRegression" name="test_wallet_ledger" time="0.110" /><testcase classname="tests.test_atlas_and_health_host.TestAdminRegression" name="test_operators" time="0.048" /><testcase classname="tests.test_atlas_and_health_host.TestAdminRegression" name="test_reports_summary" time="0.397" /><testcase classname="tests.test_atlas_and_health_host.TestAdminRegression" name="test_commissions_list" time="0.107" /><testcase classname="tests.test_atlas_and_health_host.TestServerSourceGuards" name="test_module_has_MONGO_URL_MISSING_flag" time="0.001" /><testcase classname="tests.test_atlas_and_health_host.TestServerSourceGuards" name="test_startup_log_line_prints_mongo_host" time="0.000" /><testcase classname="tests.test_atlas_and_health_host.TestServerSourceGuards" name="test_login_500_hint_string" time="0.000" /><testcase classname="tests.test_atlas_and_health_host.TestServerSourceGuards" name="test_login_500_hint_guarded_by_localhost_check" time="0.000" /><testcase classname="tests.test_atlas_and_health_host.TestServerSourceGuards" name="test_health_endpoint_redacts_password" time="0.001" /></testsuite></testsuites>