<?xml version="1.0" encoding="utf-8"?><testsuites name="pytest tests"><testsuite name="pytest" errors="0" failures="0" skipped="0" tests="10" time="4.773" timestamp="2026-07-23T12:51:42.220945+00:00" hostname="agent-env-8925231b-71c3-4115-8a53-242df45de65c"><testcase classname="tests.test_lazy_admin_seed.TestLazyAdminSeeding" name="test_delete_admin_then_login_seeds_and_returns_token" time="1.337" /><testcase classname="tests.test_lazy_admin_seed.TestLazyAdminSeeding" name="test_second_login_is_idempotent" time="0.867" /><testcase classname="tests.test_lazy_admin_seed.TestLazyAdminSeeding" name="test_wrong_password_still_401_after_seed" time="0.492" /><testcase classname="tests.test_lazy_admin_seed.TestPasswordResync" name="test_stale_hash_resyncs_from_env_on_login" time="0.890" /><testcase classname="tests.test_lazy_admin_seed.TestPasswordResync" name="test_login_after_resync_still_rejects_wrong_pw" time="0.499" /><testcase classname="tests.test_lazy_admin_seed.TestPostLoginRegression" name="test_auth_me" time="0.540" /><testcase classname="tests.test_lazy_admin_seed.TestPostLoginRegression" name="test_wallet_balance" time="0.053" /><testcase classname="tests.test_lazy_admin_seed.TestPostLoginRegression" name="test_operators" time="0.043" /><testcase classname="tests.test_lazy_admin_seed.TestFrontendFallback" name="test_api_js_has_empty_fallback" time="0.000" /><testcase classname="tests.test_lazy_admin_seed.TestServerWiring" name="test_server_has_lifespan_and_startup" time="0.001" /></testsuite></testsuites>