<?xml version="1.0" encoding="utf-8"?><testsuites name="pytest tests"><testsuite name="pytest" errors="0" failures="0" skipped="0" tests="16" time="1.672" timestamp="2026-07-23T12:41:54.490111+00:00" hostname="agent-env-8925231b-71c3-4115-8a53-242df45de65c"><testcase classname="tests.test_uv_pyproject.TestUvCommands" name="test_uv_binary_available" time="0.000" /><testcase classname="tests.test_uv_pyproject.TestUvCommands" name="test_uv_lock_check_passes" time="0.060" /><testcase classname="tests.test_uv_pyproject.TestUvLock" name="test_lockfile_header" time="0.001" /><testcase classname="tests.test_uv_pyproject.TestUvLock" name="test_locked_package_present[fastapi]" time="0.001" /><testcase classname="tests.test_uv_pyproject.TestUvLock" name="test_locked_package_present[motor]" time="0.037" /><testcase classname="tests.test_uv_pyproject.TestUvLock" name="test_locked_package_present[pymongo]" time="0.001" /><testcase classname="tests.test_uv_pyproject.TestUvLock" name="test_locked_package_present[pydantic]" time="0.000" /><testcase classname="tests.test_uv_pyproject.TestUvLock" name="test_locked_package_present[pyjwt]" time="0.001" /><testcase classname="tests.test_uv_pyproject.TestUvLock" name="test_locked_package_present[bcrypt]" time="0.000" /><testcase classname="tests.test_uv_pyproject.TestPyprojectFile" name="test_project_block_present" time="0.000" /><testcase classname="tests.test_uv_pyproject.TestPyprojectFile" name="test_all_runtime_deps_declared" time="0.000" /><testcase classname="tests.test_uv_pyproject.TestPyprojectFile" name="test_tool_uv_package_false" time="0.000" /><testcase classname="tests.test_uv_pyproject.TestVersionCompatibility" name="test_hard_pinned_versions_match" time="0.000" /><testcase classname="tests.test_uv_pyproject.TestVercelJsonUnchanged" name="test_backend_service_still_server_app" time="0.000" /><testcase classname="tests.test_uv_pyproject.TestUvCommands" name="test_uv_sync_frozen_succeeds" time="1.121" /><testcase classname="tests.test_uv_pyproject.TestUvCommands" name="test_venv_cleaned_up" time="0.000" /></testsuite></testsuites>