<?xml version="1.0" encoding="utf-8"?><testsuites name="pytest tests"><testsuite name="pytest" errors="0" failures="1" skipped="0" tests="14" time="4.843" timestamp="2026-07-22T15:17:29.632819+00:00" hostname="agent-env-8925231b-71c3-4115-8a53-242df45de65c"><testcase classname="tests.test_backend.TestPasswordReset" name="test_forgot_password_returns_token" time="0.200" /><testcase classname="tests.test_backend.TestPasswordReset" name="test_forgot_password_unknown_email_returns_null_token" time="0.232" /><testcase classname="tests.test_backend.TestPasswordReset" name="test_reset_password_and_relogin_and_restore" time="1.451" /><testcase classname="tests.test_backend.TestCommissionRules" name="test_admin_can_list_commissions" time="0.487" /><testcase classname="tests.test_backend.TestCommissionRules" name="test_create_role_scoped_rule" time="0.276" /><testcase classname="tests.test_backend.TestCommissionRules" name="test_create_global_service_rule" time="0.053" /><testcase classname="tests.test_backend.TestCommissionRules" name="test_invalid_rate_rejected" time="0.285" /><testcase classname="tests.test_backend.TestCommissionRules" name="test_non_admin_forbidden" time="0.507" /><testcase classname="tests.test_backend.TestCommissionRules" name="test_delete_created_rules" time="0.554" /><testcase classname="tests.test_backend.TestRechargeCommission" name="test_recharge_applies_commission_from_rule" time="1.103"><failure message="assert 0.025 == 0.05">backend/tests/test_backend.py:174: in test_recharge_applies_commission_from_rule
    assert tx["commission_rate"] == 0.05
E   assert 0.025 == 0.05</failure></testcase><testcase classname="tests.test_backend.TestUserEdit" name="test_admin_can_edit_user_and_change_password" time="1.374" /><testcase classname="tests.test_backend.TestUserEdit" name="test_patch_me_and_password_change" time="1.037" /><testcase classname="tests.test_backend.TestOAuthSession" name="test_invalid_session_id_returns_400" time="0.315" /><testcase classname="tests.test_backend.TestValidationErrorShape" name="test_422_detail_is_list_of_objects" time="0.053" /></testsuite></testsuites>