<?xml version="1.0" encoding="utf-8"?><testsuites name="pytest tests"><testsuite name="pytest" errors="0" failures="0" skipped="0" tests="12" time="1.221" timestamp="2026-07-23T12:19:43.307700+00:00" hostname="agent-env-8925231b-71c3-4115-8a53-242df45de65c"><testcase classname="tests.test_vercel_deploy_config.TestBackendSmoke" name="test_backend_reachable_unauth_me_returns_401" time="0.223" /><testcase classname="tests.test_vercel_deploy_config.TestVercelManifest" name="test_root_vercel_json_exists_and_is_valid_json" time="0.001" /><testcase classname="tests.test_vercel_deploy_config.TestVercelManifest" name="test_old_frontend_vercel_json_removed" time="0.000" /><testcase classname="tests.test_vercel_deploy_config.TestVercelManifest" name="test_services_object_present" time="0.000" /><testcase classname="tests.test_vercel_deploy_config.TestVercelManifest" name="test_frontend_service_config" time="0.000" /><testcase classname="tests.test_vercel_deploy_config.TestVercelManifest" name="test_backend_service_config" time="0.000" /><testcase classname="tests.test_vercel_deploy_config.TestVercelManifest" name="test_backend_entrypoint_matches_actual_module" time="0.000" /><testcase classname="tests.test_vercel_deploy_config.TestVercelManifest" name="test_rewrites_present_and_shaped_correctly" time="0.000" /><testcase classname="tests.test_vercel_deploy_config.TestVercelManifest" name="test_rewrite_order_api_before_catchall" time="0.000" /><testcase classname="tests.test_vercel_deploy_config.TestBackendSmoke" name="test_admin_login_returns_token" time="0.275" /><testcase classname="tests.test_vercel_deploy_config.TestBackendSmoke" name="test_wallet_balance_with_admin_token" time="0.051" /><testcase classname="tests.test_vercel_deploy_config.TestBackendSmoke" name="test_frontend_still_serves_html" time="0.166" /></testsuite></testsuites>